19:44:31.250 [main] INFO  - HomePage
19:44:31.780 [main] INFO  - User redirected to Login Page......
19:44:31.801 [main] INFO  - User is on Login Page entering email and password......
19:44:32.077 [main] INFO  - User clicked on Login Button.......
19:44:32.225 [main] INFO  - User redirected to My Account Page Successfully.....
19:44:32.226 [main] INFO  - checking that whether MyAccount Page is exists or not......
19:44:32.966 [main] INFO  - Execution successfully......
17:34:06.776 [main] INFO  - User is on HomePage.....
17:34:07.049 [main] INFO  - User is on RegisterPage.......
17:35:26.096 [main] INFO  - User is on HomePage.....
17:35:26.393 [main] INFO  - User is on RegisterPage.......
17:36:13.416 [main] INFO  - User is on HomePage.....
17:36:13.695 [main] INFO  - User is on RegisterPage.......
17:38:06.839 [main] INFO  - User is on HomePage.....
17:38:06.964 [main] INFO  - User is on RegisterPage.......
17:39:44.786 [main] INFO  - User is on HomePage.....
17:39:44.923 [main] INFO  - User is on RegisterPage.......
18:24:52.529 [main] INFO  - HomePage
18:24:52.998 [main] INFO  - User redirected to Login Page......
18:24:53.026 [main] INFO  - User is on Login Page entering email and password......
18:24:53.329 [main] INFO  - User clicked on Login Button.......
18:24:53.433 [main] INFO  - User redirected to My Account Page Successfully.....
18:24:53.434 [main] INFO  - checking that whether MyAccount Page is exists or not......
18:24:54.103 [main] INFO  - Execution successfully......
18:24:57.492 [main] INFO  - HomePage
18:24:57.990 [main] INFO  - User redirected to Login Page......
18:24:58.012 [main] INFO  - User is on Login Page entering email and password......
18:24:58.352 [main] INFO  - User clicked on Login Button.......
18:24:58.946 [main] INFO  - User redirected to My Account Page Successfully.....
18:24:58.946 [main] INFO  - checking that whether MyAccount Page is exists or not......
18:48:06.129 [main] INFO  - HomePage
18:48:06.710 [main] INFO  - User redirected to Login Page......
18:48:10.432 [main] INFO  - HomePage
18:48:11.012 [main] INFO  - User redirected to Login Page......
18:48:14.430 [main] INFO  - HomePage
18:48:14.928 [main] INFO  - User redirected to Login Page......
13:00:53.153 [main] INFO  - HomePage
13:00:53.815 [main] INFO  - User redirected to Login Page......
13:00:53.838 [main] INFO  - User is on Login Page entering email and password......
13:00:54.118 [main] INFO  - User clicked on Login Button.......
13:00:54.227 [main] INFO  - User redirected to My Account Page Successfully.....
13:00:54.227 [main] INFO  - checking that whether MyAccount Page is exists or not......
13:00:55.218 [main] INFO  - Execution successfully......
13:01:00.648 [main] INFO  - HomePage
13:01:01.182 [main] INFO  - User redirected to Login Page......
13:01:01.192 [main] INFO  - User is on Login Page entering email and password......
13:01:01.694 [main] INFO  - User clicked on Login Button.......
13:01:01.812 [main] INFO  - User redirected to My Account Page Successfully.....
13:01:01.813 [main] INFO  - checking that whether MyAccount Page is exists or not......
13:05:43.395 [main] INFO  - HomePage
13:05:43.932 [main] INFO  - User redirected to Login Page......
13:05:49.359 [main] INFO  - HomePage
13:05:49.925 [main] INFO  - User redirected to Login Page......
13:05:55.205 [main] INFO  - HomePage
13:05:56.001 [main] INFO  - User redirected to Login Page......
13:11:09.914 [main] INFO  - HomePage
13:11:10.482 [main] INFO  - User redirected to Login Page......
13:11:16.797 [main] INFO  - HomePage
13:11:17.441 [main] INFO  - User redirected to Login Page......
13:11:23.089 [main] INFO  - HomePage
13:11:23.748 [main] INFO  - User redirected to Login Page......
13:55:46.267 [main] INFO  - HomePage
13:55:46.748 [main] INFO  - User redirected to Login Page......
13:55:46.772 [main] INFO  - User is on Login Page entering email and password......
13:55:47.047 [main] INFO  - User clicked on Login Button.......
13:55:47.152 [main] INFO  - User redirected to My Account Page Successfully.....
13:55:47.153 [main] INFO  - checking that whether MyAccount Page is exists or not......
13:56:01.833 [main] INFO  - HomePage
13:56:02.399 [main] INFO  - User redirected to Login Page......
13:56:02.417 [main] INFO  - User is on Login Page entering email and password......
13:56:02.786 [main] INFO  - User clicked on Login Button.......
13:56:03.569 [main] INFO  - User redirected to My Account Page Successfully.....
13:56:03.582 [main] INFO  - checking that whether MyAccount Page is exists or not......
13:56:03.618 [main] INFO  - Execution successfully......
13:56:07.236 [main] INFO  - HomePage
13:56:07.728 [main] INFO  - User redirected to Login Page......
13:56:07.734 [main] INFO  - User is on Login Page entering email and password......
13:56:08.062 [main] INFO  - User clicked on Login Button.......
13:56:08.759 [main] INFO  - User redirected to My Account Page Successfully.....
13:56:08.759 [main] INFO  - checking that whether MyAccount Page is exists or not......
13:56:22.322 [main] INFO  - User is on HomePage.....
13:56:22.424 [main] INFO  - User is on RegisterPage.......
14:02:22.192 [main] INFO  - HomePage
14:02:22.651 [main] INFO  - User redirected to Login Page......
14:02:22.682 [main] INFO  - User is on Login Page entering email and password......
14:02:22.918 [main] INFO  - User clicked on Login Button.......
14:02:23.967 [main] INFO  - User redirected to My Account Page Successfully.....
14:02:23.967 [main] INFO  - checking that whether MyAccount Page is exists or not......
14:02:24.015 [main] INFO  - Execution successfully......
14:02:27.453 [main] INFO  - HomePage
14:02:27.951 [main] INFO  - User redirected to Login Page......
14:02:27.966 [main] INFO  - User is on Login Page entering email and password......
14:02:28.317 [main] INFO  - User clicked on Login Button.......
14:02:28.436 [main] INFO  - User redirected to My Account Page Successfully.....
14:02:28.436 [main] INFO  - checking that whether MyAccount Page is exists or not......
17:16:37.884 [main] INFO  - HomePage
17:16:38.772 [main] INFO  - User redirected to Login Page......
17:16:38.786 [main] INFO  - User is on Login Page entering email and password......
17:16:39.240 [main] INFO  - User clicked on Login Button.......
17:16:40.323 [main] INFO  - User redirected to My Account Page Successfully.....
17:16:40.323 [main] INFO  - checking that whether MyAccount Page is exists or not......
17:16:40.466 [main] INFO  - Execution successfully......
17:16:46.906 [main] INFO  - HomePage
17:16:47.549 [main] INFO  - User redirected to Login Page......
17:16:47.555 [main] INFO  - User is on Login Page entering email and password......
17:16:47.914 [main] INFO  - User clicked on Login Button.......
17:16:48.720 [main] INFO  - User redirected to My Account Page Successfully.....
17:16:48.720 [main] INFO  - checking that whether MyAccount Page is exists or not......
17:17:04.627 [main] INFO  - User is on HomePage.....
17:17:04.808 [main] INFO  - User is on RegisterPage.......
17:22:23.121 [main] INFO  - HomePage
17:22:23.964 [main] INFO  - User redirected to Login Page......
17:22:24.004 [main] INFO  - User is on Login Page entering email and password......
17:22:24.302 [main] INFO  - User clicked on Login Button.......
17:22:24.422 [main] INFO  - User redirected to My Account Page Successfully.....
17:22:24.423 [main] INFO  - checking that whether MyAccount Page is exists or not......
17:22:25.218 [main] INFO  - Execution successfully......
17:22:31.046 [main] INFO  - HomePage
17:22:31.537 [main] INFO  - User redirected to Login Page......
17:22:31.552 [main] INFO  - User is on Login Page entering email and password......
17:22:32.071 [main] INFO  - User clicked on Login Button.......
17:22:32.904 [main] INFO  - User redirected to My Account Page Successfully.....
17:22:32.905 [main] INFO  - checking that whether MyAccount Page is exists or not......
17:22:32.936 [main] INFO  - Execution successfully......
17:22:38.863 [main] INFO  - HomePage
17:22:39.515 [main] INFO  - User redirected to Login Page......
17:22:39.520 [main] INFO  - User is on Login Page entering email and password......
17:22:39.873 [main] INFO  - User clicked on Login Button.......
17:22:40.666 [main] INFO  - User redirected to My Account Page Successfully.....
17:22:40.667 [main] INFO  - checking that whether MyAccount Page is exists or not......
17:22:56.922 [main] INFO  - User is on HomePage.....
17:22:57.071 [main] INFO  - User is on RegisterPage.......
17:29:19.897 [main] INFO  - User is on HomePage.....
17:29:20.061 [main] INFO  - User is on RegisterPage.......
17:42:17.919 [main] INFO  - User is on HomePage.....
17:42:18.181 [main] INFO  - User is on RegisterPage.......
